WARNING: You are using an unsupported version of ForgeGradle.
Please consider upgrading to ForgeGradle 5 and helping in the efforts to get old versions working on the modern toolchain.
See https://gist.github.com/TheCurle/fe7ad3ede188cbdd15c235cc75d52d4a for more info on contributing.
:clean
:deobfCompileDummyTask
:deobfProvidedDummyTask
:sourceApiJava
:compileApiJava UP-TO-DATE
:processApiResources UP-TO-DATE
:apiClasses UP-TO-DATE
:sourceMainJava
:compileJavaC:\Users\snott\Documents\GitHub\AutoGGReborn\build\sources\main\java\pw\_2pi\autogg\gg\GGListener.java:41: error: unmappable character for encoding Cp1252
    // â?Œ Ignore actual player chat ONLY
        ^
Note: Some input files use unchecked or unsafe operations.
Note: Recompile with -Xlint:unchecked for details.

:processResources
:classes
:jar
:sourceTestJava
:compileTestJava UP-TO-DATE
:processTestResources UP-TO-DATE
:testClasses UP-TO-DATE
:test UP-TO-DATE
:extractMcpData SKIPPED
:extractMcpMappings SKIPPED
:getVersionJson
:extractUserdev UP-TO-DATE
:genSrgs SKIPPED
:reobfJar
:extractRangemapReplacedMain
C:\Users\snott\Documents\GitHub\AutoGGReborn\build\sources\main\java
:retromapReplacedMain
remapping source...
:sourceJar
:assemble
:check UP-TO-DATE
:build

BUILD SUCCESSFUL

Total time: 13.077 secs
